<?xml version="1.0" encoding="UTF-8" standalone="no"?>
<!DOCTYPE log SYSTEM "logger.dtd">
<log>
<record>
<<<<<<< HEAD
  <date>2020-02-18T12:26:04</date>
  <millis>1582028764858</millis>
=======
  <date>2020-02-18T11:00:33</date>
  <millis>1582023633121</millis>
>>>>>>> ijbarry-master
  <sequence>1</sequence>
  <logger>API</logger>
  <level>CONFIG</level>
  <class>API</class>
  <method>setUpLogs</method>
  <thread>1</thread>
<<<<<<< HEAD
  <message>18/02/2020 12:26:04: Log set up</message>
</record>
</log>
=======
  <message>18/02/2020 11:00:33: Log set up</message>
</record>
>>>>>>> ijbarry-master
<?xml version="1.0" encoding="UTF-8" standalone="no"?>
<!DOCTYPE log SYSTEM "logger.dtd">
<log>
<record>
<<<<<<< HEAD
  <date>2020-02-19T16:44:30</date>
  <millis>1582130670916</millis>
  <sequence>0</sequence>
=======
  <date>2020-02-18T11:04:38</date>
  <millis>1582023878502</millis>
  <sequence>1</sequence>
  <logger>API</logger>
  <level>CONFIG</level>
  <class>API</class>
  <method>setUpLogs</method>
  <thread>1</thread>
  <message>18/02/2020 11:04:38: Log set up</message>
</record>
<?xml version="1.0" encoding="UTF-8" standalone="no"?>
<!DOCTYPE log SYSTEM "logger.dtd">
<log>
<record>
  <date>2020-02-18T11:15:01</date>
  <millis>1582024501813</millis>
  <sequence>1</sequence>
  <logger>API</logger>
  <level>CONFIG</level>
  <class>API</class>
  <method>setUpLogs</method>
  <thread>1</thread>
  <message>18/02/2020 11:15:01: Log set up</message>
</record>
<?xml version="1.0" encoding="UTF-8" standalone="no"?>
<!DOCTYPE log SYSTEM "logger.dtd">
<log>
<record>
  <date>2020-02-18T11:23:48</date>
  <millis>1582025028418</millis>
  <sequence>1</sequence>
  <logger>API</logger>
  <level>CONFIG</level>
  <class>API</class>
  <method>setUpLogs</method>
  <thread>1</thread>
  <message>18/02/2020 11:23:48: Log set up</message>
</record>
<?xml version="1.0" encoding="UTF-8" standalone="no"?>
<!DOCTYPE log SYSTEM "logger.dtd">
<log>
<record>
  <date>2020-02-18T11:28:28</date>
  <millis>1582025308104</millis>
  <sequence>1</sequence>
  <logger>API</logger>
  <level>CONFIG</level>
  <class>API</class>
  <method>setUpLogs</method>
  <thread>1</thread>
  <message>18/02/2020 11:28:28: Log set up</message>
</record>
<?xml version="1.0" encoding="UTF-8" standalone="no"?>
<!DOCTYPE log SYSTEM "logger.dtd">
<log>
<record>
  <date>2020-02-18T11:33:40</date>
  <millis>1582025620776</millis>
  <sequence>1</sequence>
  <logger>API</logger>
  <level>CONFIG</level>
  <class>API</class>
  <method>setUpLogs</method>
  <thread>1</thread>
  <message>18/02/2020 11:33:40: Log set up</message>
</record>
<?xml version="1.0" encoding="UTF-8" standalone="no"?>
<!DOCTYPE log SYSTEM "logger.dtd">
<log>
<record>
  <date>2020-02-18T11:42:01</date>
  <millis>1582026121266</millis>
  <sequence>1</sequence>
  <logger>API</logger>
  <level>CONFIG</level>
  <class>API</class>
  <method>setUpLogs</method>
  <thread>1</thread>
  <message>18/02/2020 11:42:01: Log set up</message>
</record>
<?xml version="1.0" encoding="UTF-8" standalone="no"?>
<!DOCTYPE log SYSTEM "logger.dtd">
<log>
<record>
  <date>2020-02-18T11:47:35</date>
  <millis>1582026455119</millis>
  <sequence>1</sequence>
  <logger>API</logger>
  <level>CONFIG</level>
  <class>API</class>
  <method>setUpLogs</method>
  <thread>1</thread>
  <message>18/02/2020 11:47:35: Log set up</message>
</record>
<?xml version="1.0" encoding="UTF-8" standalone="no"?>
<!DOCTYPE log SYSTEM "logger.dtd">
<log>
<record>
  <date>2020-02-18T11:48:59</date>
  <millis>1582026539084</millis>
  <sequence>1</sequence>
  <logger>API</logger>
  <level>CONFIG</level>
  <class>API</class>
  <method>setUpLogs</method>
  <thread>1</thread>
  <message>18/02/2020 11:48:59: Log set up</message>
</record>
<?xml version="1.0" encoding="UTF-8" standalone="no"?>
<!DOCTYPE log SYSTEM "logger.dtd">
<log>
<record>
  <date>2020-02-18T11:50:32</date>
  <millis>1582026632530</millis>
  <sequence>1</sequence>
  <logger>API</logger>
  <level>CONFIG</level>
  <class>API</class>
  <method>setUpLogs</method>
  <thread>1</thread>
  <message>18/02/2020 11:50:32: Log set up</message>
</record>
<?xml version="1.0" encoding="UTF-8" standalone="no"?>
<!DOCTYPE log SYSTEM "logger.dtd">
<log>
<record>
  <date>2020-02-18T11:50:46</date>
  <millis>1582026646248</millis>
  <sequence>1</sequence>
  <logger>API</logger>
  <level>CONFIG</level>
  <class>API</class>
  <method>setUpLogs</method>
  <thread>1</thread>
  <message>18/02/2020 11:50:46: Log set up</message>
</record>
<?xml version="1.0" encoding="UTF-8" standalone="no"?>
<!DOCTYPE log SYSTEM "logger.dtd">
<log>
<record>
  <date>2020-02-18T11:51:03</date>
  <millis>1582026663570</millis>
  <sequence>1</sequence>
  <logger>API</logger>
  <level>CONFIG</level>
  <class>API</class>
  <method>setUpLogs</method>
  <thread>1</thread>
  <message>18/02/2020 11:51:03: Log set up</message>
</record>
<?xml version="1.0" encoding="UTF-8" standalone="no"?>
<!DOCTYPE log SYSTEM "logger.dtd">
<log>
<record>
  <date>2020-02-18T11:51:33</date>
  <millis>1582026693836</millis>
  <sequence>1</sequence>
  <logger>API</logger>
  <level>CONFIG</level>
  <class>API</class>
  <method>setUpLogs</method>
  <thread>1</thread>
  <message>18/02/2020 11:51:33: Log set up</message>
</record>
<?xml version="1.0" encoding="UTF-8" standalone="no"?>
<!DOCTYPE log SYSTEM "logger.dtd">
<log>
<record>
  <date>2020-02-18T11:51:49</date>
  <millis>1582026709990</millis>
  <sequence>1</sequence>
  <logger>API</logger>
  <level>CONFIG</level>
  <class>API</class>
  <method>setUpLogs</method>
  <thread>1</thread>
  <message>18/02/2020 11:51:49: Log set up</message>
</record>
<?xml version="1.0" encoding="UTF-8" standalone="no"?>
<!DOCTYPE log SYSTEM "logger.dtd">
<log>
<record>
  <date>2020-02-18T11:52:08</date>
  <millis>1582026728893</millis>
  <sequence>1</sequence>
  <logger>API</logger>
  <level>CONFIG</level>
  <class>API</class>
  <method>setUpLogs</method>
  <thread>1</thread>
  <message>18/02/2020 11:52:08: Log set up</message>
</record>
<?xml version="1.0" encoding="UTF-8" standalone="no"?>
<!DOCTYPE log SYSTEM "logger.dtd">
<log>
<record>
  <date>2020-02-18T11:53:20</date>
  <millis>1582026800465</millis>
  <sequence>1</sequence>
  <logger>API</logger>
  <level>CONFIG</level>
  <class>API</class>
  <method>setUpLogs</method>
  <thread>1</thread>
  <message>18/02/2020 11:53:20: Log set up</message>
</record>
<?xml version="1.0" encoding="UTF-8" standalone="no"?>
<!DOCTYPE log SYSTEM "logger.dtd">
<log>
<record>
  <date>2020-02-18T11:53:33</date>
  <millis>1582026813899</millis>
  <sequence>1</sequence>
  <logger>API</logger>
  <level>CONFIG</level>
  <class>API</class>
  <method>setUpLogs</method>
  <thread>1</thread>
  <message>18/02/2020 11:53:33: Log set up</message>
</record>
<?xml version="1.0" encoding="UTF-8" standalone="no"?>
<!DOCTYPE log SYSTEM "logger.dtd">
<log>
<record>
  <date>2020-02-18T11:54:44</date>
  <millis>1582026884323</millis>
  <sequence>1</sequence>
  <logger>API</logger>
  <level>CONFIG</level>
  <class>API</class>
  <method>setUpLogs</method>
  <thread>1</thread>
  <message>18/02/2020 11:54:44: Log set up</message>
</record>
<?xml version="1.0" encoding="UTF-8" standalone="no"?>
<!DOCTYPE log SYSTEM "logger.dtd">
<log>
<record>
  <date>2020-02-18T12:03:10</date>
  <millis>1582027390929</millis>
  <sequence>1</sequence>
  <logger>API</logger>
  <level>CONFIG</level>
  <class>API</class>
  <method>setUpLogs</method>
  <thread>1</thread>
  <message>18/02/2020 12:03:10: Log set up</message>
</record>
<?xml version="1.0" encoding="UTF-8" standalone="no"?>
<!DOCTYPE log SYSTEM "logger.dtd">
<log>
<record>
  <date>2020-02-18T12:04:55</date>
  <millis>1582027495361</millis>
  <sequence>1</sequence>
  <logger>API</logger>
  <level>CONFIG</level>
  <class>API</class>
  <method>setUpLogs</method>
  <thread>1</thread>
  <message>18/02/2020 12:04:55: Log set up</message>
</record>
<?xml version="1.0" encoding="UTF-8" standalone="no"?>
<!DOCTYPE log SYSTEM "logger.dtd">
<log>
<record>
  <date>2020-02-18T12:07:02</date>
  <millis>1582027622920</millis>
  <sequence>1</sequence>
>>>>>>> ijbarry-master
  <logger>API</logger>
  <level>CONFIG</level>
  <class>API</class>
  <method>setUpLogs</method>
  <thread>1</thread>
<<<<<<< HEAD
  <message>19/02/2020 16:44:30: Log set up</message>
</record>
</log>
=======
  <message>18/02/2020 12:07:02: Log set up</message>
</record>
>>>>>>> ijbarry-master
<?xml version="1.0" encoding="UTF-8" standalone="no"?>
<!DOCTYPE log SYSTEM "logger.dtd">
<log>
<record>
  <date>2020-02-20T10:18:08</date>
  <millis>1582193888291</millis>
  <sequence>0</sequence>
  <logger>API</logger>
  <level>CONFIG</level>
  <class>API</class>
  <method>setUpLogs</method>
  <thread>1</thread>
  <message>20/02/2020 10:18:08: Log set up</message>
</record>
</log>
<?xml version="1.0" encoding="UTF-8" standalone="no"?>
<!DOCTYPE log SYSTEM "logger.dtd">
<log>
<record>
  <date>2020-02-20T10:33:56</date>
  <millis>1582194836899</millis>
  <sequence>0</sequence>
  <logger>API</logger>
  <level>CONFIG</level>
  <class>API</class>
  <method>setUpLogs</method>
  <thread>1</thread>
  <message>20/02/2020 10:33:56: Log set up</message>
</record>
</log>
<?xml version="1.0" encoding="UTF-8" standalone="no"?>
<!DOCTYPE log SYSTEM "logger.dtd">
<log>
<record>
  <date>2020-02-20T10:35:33</date>
  <millis>1582194933536</millis>
  <sequence>0</sequence>
  <logger>API</logger>
  <level>CONFIG</level>
  <class>API</class>
  <method>setUpLogs</method>
  <thread>1</thread>
  <message>20/02/2020 10:35:33: Log set up</message>
</record>
</log>
<?xml version="1.0" encoding="UTF-8" standalone="no"?>
<!DOCTYPE log SYSTEM "logger.dtd">
<log>
<record>
  <date>2020-02-20T10:37:25</date>
  <millis>1582195045327</millis>
  <sequence>0</sequence>
  <logger>API</logger>
  <level>CONFIG</level>
  <class>API</class>
  <method>setUpLogs</method>
  <thread>1</thread>
  <message>20/02/2020 10:37:25: Log set up</message>
</record>
</log>
<?xml version="1.0" encoding="UTF-8" standalone="no"?>
<!DOCTYPE log SYSTEM "logger.dtd">
<log>
<record>
  <date>2020-02-20T11:03:35</date>
  <millis>1582196615829</millis>
  <sequence>0</sequence>
  <logger>API</logger>
  <level>CONFIG</level>
  <class>API</class>
  <method>setUpLogs</method>
  <thread>1</thread>
  <message>20/02/2020 11:03:35: Log set up</message>
</record>
</log>
<?xml version="1.0" encoding="UTF-8" standalone="no"?>
<!DOCTYPE log SYSTEM "logger.dtd">
<log>
<record>
  <date>2020-02-24T22:17:31</date>
  <millis>1582582651974</millis>
  <sequence>0</sequence>
  <logger>API</logger>
  <level>CONFIG</level>
  <class>API</class>
  <method>setUpLogs</method>
  <thread>1</thread>
  <message>24/02/2020 22:17:31: Log set up</message>
</record>
</log>
